<?xml version="1.0" encoding="UTF-8"?>
<!-- Generated by org.testng.reporters.JUnitXMLReporter -->
<testsuite hostname="CPU232" ignored="3" name="AdminCertProfile" tests="17" failures="0" timestamp="17 Sep 2019 09:18:40 GMT" time="2.061" errors="0">
  <testcase name="@BeforeTest launch" time="1.845" classname="Generic_Library.Basefunctions">
    <failure type="org.openqa.selenium.SessionNotCreatedException" message="session not created: This version of ChromeDriver only supports Chrome version 74
  (Driver info: chromedriver=74.0.3729.6 (255758eccf3d244491b8a1317aa76e1ce10d57e9-refs/branch-heads/3729@{#29}),platform=Windows NT 6.1.7601 SP1 x86_64) (WARNING: The server did not provide any stacktrace information)
Command duration or timeout: 1.31 seconds
Build info: version: &amp;apos;3.14.0&amp;apos;, revision: &amp;apos;aacccce0&amp;apos;, time: &amp;apos;2018-08-02T20:13:22.693Z&amp;apos;
System info: host: &amp;apos;CPU232&amp;apos;, ip: &amp;apos;10.80.106.104&amp;apos;, os.name: &amp;apos;Windows 7&amp;apos;, os.arch: &amp;apos;amd64&amp;apos;, os.version: &amp;apos;6.1&amp;apos;, java.version: &amp;apos;1.8.0_181&amp;apos;
Driver info: driver.version: ChromeDriver">
      <![CDATA[org.openqa.selenium.SessionNotCreatedException: session not created: This version of ChromeDriver only supports Chrome version 74
  (Driver info: chromedriver=74.0.3729.6 (255758eccf3d244491b8a1317aa76e1ce10d57e9-refs/branch-heads/3729@{#29}),platform=Windows NT 6.1.7601 SP1 x86_64) (WARNING: The server did not provide any stacktrace information)
Command duration or timeout: 1.31 seconds
Build info: version: '3.14.0', revision: 'aacccce0', time: '2018-08-02T20:13:22.693Z'
System info: host: 'CPU232', ip: '10.80.106.104', os.name: 'Windows 7', os.arch: 'amd64', os.version: '6.1', java.version: '1.8.0_181'
Driver info: driver.version: ChromeDriver
at org.openqa.selenium.remote.ErrorHandler.createThrowable(ErrorHandler.java:214)
at org.openqa.selenium.remote.ErrorHandler.throwIfResponseFailed(ErrorHandler.java:166)
at org.openqa.selenium.remote.JsonWireProtocolResponse.lambda$new$0(JsonWireProtocolResponse.java:53)
at org.openqa.selenium.remote.JsonWireProtocolResponse.lambda$getResponseFunction$2(JsonWireProtocolResponse.java:91)
at org.openqa.selenium.remote.ProtocolHandshake.lambda$createSession$0(ProtocolHandshake.java:122)
at java.util.stream.ReferencePipeline$3$1.accept(ReferencePipeline.java:193)
at java.util.Spliterators$ArraySpliterator.tryAdvance(Spliterators.java:958)
at java.util.stream.ReferencePipeline.forEachWithCancel(ReferencePipeline.java:126)
at java.util.stream.AbstractPipeline.copyIntoWithCancel(AbstractPipeline.java:498)
at java.util.stream.AbstractPipeline.copyInto(AbstractPipeline.java:485)
at java.util.stream.AbstractPipeline.wrapAndCopyInto(AbstractPipeline.java:471)
at java.util.stream.FindOps$FindOp.evaluateSequential(FindOps.java:152)
at java.util.stream.AbstractPipeline.evaluate(AbstractPipeline.java:234)
at java.util.stream.ReferencePipeline.findFirst(ReferencePipeline.java:464)
at org.openqa.selenium.remote.ProtocolHandshake.createSession(ProtocolHandshake.java:125)
at org.openqa.selenium.remote.ProtocolHandshake.createSession(ProtocolHandshake.java:73)
at org.openqa.selenium.remote.HttpCommandExecutor.execute(HttpCommandExecutor.java:136)
at org.openqa.selenium.remote.service.DriverCommandExecutor.execute(DriverCommandExecutor.java:83)
at org.openqa.selenium.remote.RemoteWebDriver.execute(RemoteWebDriver.java:548)
at org.openqa.selenium.remote.RemoteWebDriver.startSession(RemoteWebDriver.java:212)
at org.openqa.selenium.remote.RemoteWebDriver.<init>(RemoteWebDriver.java:130)
at org.openqa.selenium.chrome.ChromeDriver.<init>(ChromeDriver.java:181)
at org.openqa.selenium.chrome.ChromeDriver.<init>(ChromeDriver.java:168)
at org.openqa.selenium.chrome.ChromeDriver.<init>(ChromeDriver.java:123)
at Generic_Library.Basefunctions.launch(Basefunctions.java:60)
... Removed 28 stack frames]]>
    </failure>
  </testcase> <!-- @BeforeTest launch -->
  <testcase name="@AfterMethod report" time="0.0" classname="Generic_Library.Basefunctions">
    <skipped/>
  </testcase> <!-- @AfterMethod report -->
  <testcase name="@AfterMethod report" time="0.0" classname="Generic_Library.Basefunctions">
    <skipped/>
  </testcase> <!-- @AfterMethod report -->
  <testcase name="@AfterMethod report" time="0.0" classname="Generic_Library.Basefunctions">
    <skipped/>
  </testcase> <!-- @AfterMethod report -->
  <testcase name="@AfterMethod report" time="0.0" classname="Generic_Library.Basefunctions">
    <skipped/>
  </testcase> <!-- @AfterMethod report -->
  <testcase name="@AfterMethod report" time="0.0" classname="Generic_Library.Basefunctions">
    <skipped/>
  </testcase> <!-- @AfterMethod report -->
  <testcase name="@AfterMethod report" time="0.0" classname="Generic_Library.Basefunctions">
    <skipped/>
  </testcase> <!-- @AfterMethod report -->
  <testcase name="@AfterMethod report" time="0.0" classname="Generic_Library.Basefunctions">
    <skipped/>
  </testcase> <!-- @AfterMethod report -->
  <testcase name="@AfterMethod report" time="0.0" classname="Generic_Library.Basefunctions">
    <skipped/>
  </testcase> <!-- @AfterMethod report -->
  <testcase name="@AfterMethod report" time="0.0" classname="Generic_Library.Basefunctions">
    <skipped/>
  </testcase> <!-- @AfterMethod report -->
  <testcase name="@AfterMethod report" time="0.0" classname="Generic_Library.Basefunctions">
    <skipped/>
  </testcase> <!-- @AfterMethod report -->
  <testcase name="@AfterMethod report" time="0.0" classname="Generic_Library.Basefunctions">
    <skipped/>
  </testcase> <!-- @AfterMethod report -->
  <testcase name="@AfterMethod report" time="0.0" classname="Generic_Library.Basefunctions">
    <skipped/>
  </testcase> <!-- @AfterMethod report -->
  <testcase name="@AfterMethod report" time="0.0" classname="Generic_Library.Basefunctions">
    <skipped/>
  </testcase> <!-- @AfterMethod report -->
  <testcase name="@AfterMethod report" time="0.0" classname="Generic_Library.Basefunctions">
    <skipped/>
  </testcase> <!-- @AfterMethod report -->
  <testcase name="@AfterMethod report" time="0.0" classname="Generic_Library.Basefunctions">
    <skipped/>
  </testcase> <!-- @AfterMethod report -->
  <testcase name="@AfterMethod report" time="0.0" classname="Generic_Library.Basefunctions">
    <skipped/>
  </testcase> <!-- @AfterMethod report -->
  <testcase name="@AfterMethod report" time="0.0" classname="Generic_Library.Basefunctions">
    <skipped/>
  </testcase> <!-- @AfterMethod report -->
  <testcase name="@AfterTest closeapp" time="0.0" classname="Generic_Library.Basefunctions">
    <skipped/>
  </testcase> <!-- @AfterTest closeapp -->
  <testcase name="Login" time="0.0" classname="Scripts.Login_Script">
    <skipped/>
  </testcase> <!-- Login -->
  <testcase name="Login" time="0.0" classname="Scripts.Login_Script">
    <skipped/>
  </testcase> <!-- Login -->
  <testcase name="Login" time="0.0" classname="Scripts.Login_Script">
    <skipped/>
  </testcase> <!-- Login -->
  <testcase name="Login" time="0.0" classname="Scripts.Login_Script">
    <skipped/>
  </testcase> <!-- Login -->
  <testcase name="prfleManagment" time="0.0" classname="Scripts.AdmnCertifctPrfle_Script">
    <skipped/>
  </testcase> <!-- prfleManagment -->
  <testcase name="certificateProfile" time="0.0" classname="Scripts.AdmnCertifctPrfle_Script">
    <skipped/>
  </testcase> <!-- certificateProfile -->
  <testcase name="certificateProfile" time="0.0" classname="Scripts.AdmnCertifctPrfle_Script">
    <skipped/>
  </testcase> <!-- certificateProfile -->
  <testcase name="certificateProfile" time="0.0" classname="Scripts.AdmnCertifctPrfle_Script">
    <skipped/>
  </testcase> <!-- certificateProfile -->
  <testcase name="certificateProfile" time="0.0" classname="Scripts.AdmnCertifctPrfle_Script">
    <skipped/>
  </testcase> <!-- certificateProfile -->
  <testcase name="certificateProfile" time="0.0" classname="Scripts.AdmnCertifctPrfle_Script">
    <skipped/>
  </testcase> <!-- certificateProfile -->
  <testcase name="certificateProfile" time="0.0" classname="Scripts.AdmnCertifctPrfle_Script">
    <skipped/>
  </testcase> <!-- certificateProfile -->
  <testcase name="certificateProfile" time="0.0" classname="Scripts.AdmnCertifctPrfle_Script">
    <skipped/>
  </testcase> <!-- certificateProfile -->
  <testcase name="certificateProfile" time="0.0" classname="Scripts.AdmnCertifctPrfle_Script">
    <skipped/>
  </testcase> <!-- certificateProfile -->
  <testcase name="certificateProfile" time="0.0" classname="Scripts.AdmnCertifctPrfle_Script">
    <skipped/>
  </testcase> <!-- certificateProfile -->
  <testcase name="certificateProfile" time="0.0" classname="Scripts.AdmnCertifctPrfle_Script">
    <skipped/>
  </testcase> <!-- certificateProfile -->
  <testcase name="certificateProfile" time="0.0" classname="Scripts.AdmnCertifctPrfle_Script">
    <skipped/>
  </testcase> <!-- certificateProfile -->
  <testcase name="certificateProfile" time="0.0" classname="Scripts.AdmnCertifctPrfle_Script">
    <skipped/>
  </testcase> <!-- certificateProfile -->
  <testcase name="@BeforeSuite createreport" time="0.0" classname="Generic_Library.Basefunctions">
    <ignored/>
  </testcase> <!-- @BeforeSuite createreport -->
  <testcase name="@BeforeTest launch" time="0.0" classname="Generic_Library.Basefunctions">
    <ignored/>
  </testcase> <!-- @BeforeTest launch -->
  <testcase name="@AfterTest closeapp" time="0.0" classname="Generic_Library.Basefunctions">
    <ignored/>
  </testcase> <!-- @AfterTest closeapp -->
</testsuite> <!-- AdminCertProfile -->
