<?xml version="1.0" encoding="UTF-8"?>
<!-- Generated by org.testng.reporters.JUnitXMLReporter -->
<testsuite hostname="CPU232" ignored="6" name="LoginOutAuditor" tests="6" failures="0" timestamp="17 Sep 2019 09:16:07 GMT" time="0.14" errors="0">
  <testcase name="@BeforeTest launch" time="0.015" classname="Generic_Library.Basefunctions">
    <failure type="java.lang.IllegalStateException" message="The driver executable does not exist: D:\sindhu\chromedriver_win32\chromedriver.exe">
      <![CDATA[java.lang.IllegalStateException: The driver executable does not exist: D:\sindhu\chromedriver_win32\chromedriver.exe
at com.google.common.base.Preconditions.checkState(Preconditions.java:585)
at org.openqa.selenium.remote.service.DriverService.checkExecutable(DriverService.java:137)
at org.openqa.selenium.remote.service.DriverService.findExecutable(DriverService.java:132)
at org.openqa.selenium.chrome.ChromeDriverService.access$000(ChromeDriverService.java:35)
at org.openqa.selenium.chrome.ChromeDriverService$Builder.findDefaultExecutable(ChromeDriverService.java:156)
at org.openqa.selenium.remote.service.DriverService$Builder.build(DriverService.java:346)
at org.openqa.selenium.chrome.ChromeDriverService.createDefaultService(ChromeDriverService.java:91)
at org.openqa.selenium.chrome.ChromeDriver.<init>(ChromeDriver.java:123)
at Generic_Library.Basefunctions.launch(Basefunctions.java:60)
... Removed 23 stack frames]]>
    </failure>
  </testcase> <!-- @BeforeTest launch -->
  <testcase name="@AfterMethod report" time="0.0" classname="Generic_Library.Basefunctions">
    <skipped/>
  </testcase> <!-- @AfterMethod report -->
  <testcase name="@AfterMethod report" time="0.0" classname="Generic_Library.Basefunctions">
    <skipped/>
  </testcase> <!-- @AfterMethod report -->
  <testcase name="@AfterMethod report" time="0.0" classname="Generic_Library.Basefunctions">
    <skipped/>
  </testcase> <!-- @AfterMethod report -->
  <testcase name="@AfterMethod report" time="0.0" classname="Generic_Library.Basefunctions">
    <skipped/>
  </testcase> <!-- @AfterMethod report -->
  <testcase name="@AfterMethod report" time="0.0" classname="Generic_Library.Basefunctions">
    <skipped/>
  </testcase> <!-- @AfterMethod report -->
  <testcase name="@AfterMethod report" time="0.0" classname="Generic_Library.Basefunctions">
    <skipped/>
  </testcase> <!-- @AfterMethod report -->
  <testcase name="@AfterTest closeapp" time="0.0" classname="Generic_Library.Basefunctions">
    <skipped/>
  </testcase> <!-- @AfterTest closeapp -->
  <testcase name="LoginAuditor" time="0.0" classname="Scripts.LoginAuditor_Script">
    <skipped/>
  </testcase> <!-- LoginAuditor -->
  <testcase name="LoginAuditor" time="0.0" classname="Scripts.LoginAuditor_Script">
    <skipped/>
  </testcase> <!-- LoginAuditor -->
  <testcase name="LoginAuditor" time="0.0" classname="Scripts.LoginAuditor_Script">
    <skipped/>
  </testcase> <!-- LoginAuditor -->
  <testcase name="LoginAuditor" time="0.0" classname="Scripts.LoginAuditor_Script">
    <skipped/>
  </testcase> <!-- LoginAuditor -->
  <testcase name="admnPrfle" time="0.0" classname="Scripts.AuditorProfile_Script">
    <skipped/>
  </testcase> <!-- admnPrfle -->
  <testcase name="Logout" time="0.0" classname="Scripts.Logout_Script">
    <skipped/>
  </testcase> <!-- Logout -->
  <testcase name="@BeforeSuite createreport" time="0.0" classname="Generic_Library.Basefunctions">
    <ignored/>
  </testcase> <!-- @BeforeSuite createreport -->
  <testcase name="@BeforeSuite createreport" time="0.0" classname="Generic_Library.Basefunctions">
    <ignored/>
  </testcase> <!-- @BeforeSuite createreport -->
  <testcase name="@BeforeTest launch" time="0.0" classname="Generic_Library.Basefunctions">
    <ignored/>
  </testcase> <!-- @BeforeTest launch -->
  <testcase name="@BeforeTest launch" time="0.0" classname="Generic_Library.Basefunctions">
    <ignored/>
  </testcase> <!-- @BeforeTest launch -->
  <testcase name="@AfterTest closeapp" time="0.0" classname="Generic_Library.Basefunctions">
    <ignored/>
  </testcase> <!-- @AfterTest closeapp -->
  <testcase name="@AfterTest closeapp" time="0.0" classname="Generic_Library.Basefunctions">
    <ignored/>
  </testcase> <!-- @AfterTest closeapp -->
</testsuite> <!-- LoginOutAuditor -->
