<?xml version="1.0" encoding="UTF-8"?>
<!-- Generated by org.testng.reporters.JUnitXMLReporter -->
<testsuite hostname="CPU232" ignored="3" name="OfficerDashboard" tests="11" failures="0" timestamp="17 Sep 2019 09:16:08 GMT" time="0.112" errors="0">
  <testcase name="@BeforeTest launch" time="0.005" classname="Generic_Library.Basefunctions">
    <failure type="java.lang.IllegalStateException" message="The driver executable does not exist: D:\sindhu\chromedriver_win32\chromedriver.exe">
      <![CDATA[java.lang.IllegalStateException: The driver executable does not exist: D:\sindhu\chromedriver_win32\chromedriver.exe
at com.google.common.base.Preconditions.checkState(Preconditions.java:585)
at org.openqa.selenium.remote.service.DriverService.checkExecutable(DriverService.java:137)
at org.openqa.selenium.remote.service.DriverService.findExecutable(DriverService.java:132)
at org.openqa.selenium.chrome.ChromeDriverService.access$000(ChromeDriverService.java:35)
at org.openqa.selenium.chrome.ChromeDriverService$Builder.findDefaultExecutable(ChromeDriverService.java:156)
at org.openqa.selenium.remote.service.DriverService$Builder.build(DriverService.java:346)
at org.openqa.selenium.chrome.ChromeDriverService.createDefaultService(ChromeDriverService.java:91)
at org.openqa.selenium.chrome.ChromeDriver.<init>(ChromeDriver.java:123)
at Generic_Library.Basefunctions.launch(Basefunctions.java:60)
... Removed 23 stack frames]]>
    </failure>
  </testcase> <!-- @BeforeTest launch -->
  <testcase name="@AfterMethod report" time="0.0" classname="Generic_Library.Basefunctions">
    <skipped/>
  </testcase> <!-- @AfterMethod report -->
  <testcase name="@AfterMethod report" time="0.0" classname="Generic_Library.Basefunctions">
    <skipped/>
  </testcase> <!-- @AfterMethod report -->
  <testcase name="@AfterMethod report" time="0.0" classname="Generic_Library.Basefunctions">
    <skipped/>
  </testcase> <!-- @AfterMethod report -->
  <testcase name="@AfterMethod report" time="0.0" classname="Generic_Library.Basefunctions">
    <skipped/>
  </testcase> <!-- @AfterMethod report -->
  <testcase name="@AfterMethod report" time="0.0" classname="Generic_Library.Basefunctions">
    <skipped/>
  </testcase> <!-- @AfterMethod report -->
  <testcase name="@AfterMethod report" time="0.0" classname="Generic_Library.Basefunctions">
    <skipped/>
  </testcase> <!-- @AfterMethod report -->
  <testcase name="@AfterMethod report" time="0.0" classname="Generic_Library.Basefunctions">
    <skipped/>
  </testcase> <!-- @AfterMethod report -->
  <testcase name="@AfterMethod report" time="0.0" classname="Generic_Library.Basefunctions">
    <skipped/>
  </testcase> <!-- @AfterMethod report -->
  <testcase name="@AfterMethod report" time="0.0" classname="Generic_Library.Basefunctions">
    <skipped/>
  </testcase> <!-- @AfterMethod report -->
  <testcase name="@AfterMethod report" time="0.0" classname="Generic_Library.Basefunctions">
    <skipped/>
  </testcase> <!-- @AfterMethod report -->
  <testcase name="@AfterMethod report" time="0.0" classname="Generic_Library.Basefunctions">
    <skipped/>
  </testcase> <!-- @AfterMethod report -->
  <testcase name="@AfterTest closeapp" time="0.0" classname="Generic_Library.Basefunctions">
    <skipped/>
  </testcase> <!-- @AfterTest closeapp -->
  <testcase name="Login" time="0.0" classname="Scripts.LoginOfficer_Script">
    <skipped/>
  </testcase> <!-- Login -->
  <testcase name="Login" time="0.0" classname="Scripts.LoginOfficer_Script">
    <skipped/>
  </testcase> <!-- Login -->
  <testcase name="Login" time="0.0" classname="Scripts.LoginOfficer_Script">
    <skipped/>
  </testcase> <!-- Login -->
  <testcase name="Login" time="0.0" classname="Scripts.LoginOfficer_Script">
    <skipped/>
  </testcase> <!-- Login -->
  <testcase name="OfficrActveCert" time="0.0" classname="Scripts.OfficrDashBoard_Script">
    <skipped/>
  </testcase> <!-- OfficrActveCert -->
  <testcase name="OfficrActveCertU" time="0.0" classname="Scripts.OfficrDashBoard_Script">
    <skipped/>
  </testcase> <!-- OfficrActveCertU -->
  <testcase name="OfficrRvkeCert" time="0.0" classname="Scripts.OfficrDashBoard_Script">
    <skipped/>
  </testcase> <!-- OfficrRvkeCert -->
  <testcase name="OfficrRvkeCertU" time="0.0" classname="Scripts.OfficrDashBoard_Script">
    <skipped/>
  </testcase> <!-- OfficrRvkeCertU -->
  <testcase name="OfficrExpireCert" time="0.0" classname="Scripts.OfficrDashBoard_Script">
    <skipped/>
  </testcase> <!-- OfficrExpireCert -->
  <testcase name="OfficrExpireCertU" time="0.0" classname="Scripts.OfficrDashBoard_Script">
    <skipped/>
  </testcase> <!-- OfficrExpireCertU -->
  <testcase name="OfficrCRl" time="0.0" classname="Scripts.OfficrDashBoard_Script">
    <skipped/>
  </testcase> <!-- OfficrCRl -->
  <testcase name="@BeforeSuite createreport" time="0.0" classname="Generic_Library.Basefunctions">
    <ignored/>
  </testcase> <!-- @BeforeSuite createreport -->
  <testcase name="@BeforeTest launch" time="0.0" classname="Generic_Library.Basefunctions">
    <ignored/>
  </testcase> <!-- @BeforeTest launch -->
  <testcase name="@AfterTest closeapp" time="0.0" classname="Generic_Library.Basefunctions">
    <ignored/>
  </testcase> <!-- @AfterTest closeapp -->
</testsuite> <!-- OfficerDashboard -->
