<?xml version="1.0" encoding="UTF-8"?>
<!-- Generated by org.testng.reporters.JUnitXMLReporter -->
<testsuite hostname="CPU232" ignored="3" name="OperatorDashboard" tests="11" failures="0" timestamp="17 Sep 2019 09:16:09 GMT" time="0.078" errors="0">
  <testcase name="@BeforeTest launch" time="0.0" classname="Generic_Library.Basefunctions">
    <failure type="java.lang.IllegalStateException" message="The driver executable does not exist: D:\sindhu\chromedriver_win32\chromedriver.exe">
      <![CDATA[java.lang.IllegalStateException: The driver executable does not exist: D:\sindhu\chromedriver_win32\chromedriver.exe
at com.google.common.base.Preconditions.checkState(Preconditions.java:585)
at org.openqa.selenium.remote.service.DriverService.checkExecutable(DriverService.java:137)
at org.openqa.selenium.remote.service.DriverService.findExecutable(DriverService.java:132)
at org.openqa.selenium.chrome.ChromeDriverService.access$000(ChromeDriverService.java:35)
at org.openqa.selenium.chrome.ChromeDriverService$Builder.findDefaultExecutable(ChromeDriverService.java:156)
at org.openqa.selenium.remote.service.DriverService$Builder.build(DriverService.java:346)
at org.openqa.selenium.chrome.ChromeDriverService.createDefaultService(ChromeDriverService.java:91)
at org.openqa.selenium.chrome.ChromeDriver.<init>(ChromeDriver.java:123)
at Generic_Library.Basefunctions.launch(Basefunctions.java:60)
... Removed 23 stack frames]]>
    </failure>
  </testcase> <!-- @BeforeTest launch -->
  <testcase name="@AfterMethod report" time="0.0" classname="Generic_Library.Basefunctions">
    <skipped/>
  </testcase> <!-- @AfterMethod report -->
  <testcase name="@AfterMethod report" time="0.0" classname="Generic_Library.Basefunctions">
    <skipped/>
  </testcase> <!-- @AfterMethod report -->
  <testcase name="@AfterMethod report" time="0.0" classname="Generic_Library.Basefunctions">
    <skipped/>
  </testcase> <!-- @AfterMethod report -->
  <testcase name="@AfterMethod report" time="0.0" classname="Generic_Library.Basefunctions">
    <skipped/>
  </testcase> <!-- @AfterMethod report -->
  <testcase name="@AfterMethod report" time="0.0" classname="Generic_Library.Basefunctions">
    <skipped/>
  </testcase> <!-- @AfterMethod report -->
  <testcase name="@AfterMethod report" time="0.0" classname="Generic_Library.Basefunctions">
    <skipped/>
  </testcase> <!-- @AfterMethod report -->
  <testcase name="@AfterMethod report" time="0.0" classname="Generic_Library.Basefunctions">
    <skipped/>
  </testcase> <!-- @AfterMethod report -->
  <testcase name="@AfterMethod report" time="0.0" classname="Generic_Library.Basefunctions">
    <skipped/>
  </testcase> <!-- @AfterMethod report -->
  <testcase name="@AfterMethod report" time="0.0" classname="Generic_Library.Basefunctions">
    <skipped/>
  </testcase> <!-- @AfterMethod report -->
  <testcase name="@AfterMethod report" time="0.0" classname="Generic_Library.Basefunctions">
    <skipped/>
  </testcase> <!-- @AfterMethod report -->
  <testcase name="@AfterMethod report" time="0.0" classname="Generic_Library.Basefunctions">
    <skipped/>
  </testcase> <!-- @AfterMethod report -->
  <testcase name="@AfterTest closeapp" time="0.0" classname="Generic_Library.Basefunctions">
    <skipped/>
  </testcase> <!-- @AfterTest closeapp -->
  <testcase name="Login" time="0.0" classname="Scripts.LoginOperator_Script">
    <skipped/>
  </testcase> <!-- Login -->
  <testcase name="Login" time="0.0" classname="Scripts.LoginOperator_Script">
    <skipped/>
  </testcase> <!-- Login -->
  <testcase name="Login" time="0.0" classname="Scripts.LoginOperator_Script">
    <skipped/>
  </testcase> <!-- Login -->
  <testcase name="Login" time="0.0" classname="Scripts.LoginOperator_Script">
    <skipped/>
  </testcase> <!-- Login -->
  <testcase name="operatrActveCert" time="0.0" classname="Scripts.OperatorDashBoard_Script">
    <skipped/>
  </testcase> <!-- operatrActveCert -->
  <testcase name="operatrActveCertU" time="0.0" classname="Scripts.OperatorDashBoard_Script">
    <skipped/>
  </testcase> <!-- operatrActveCertU -->
  <testcase name="operatrRvkeCert" time="0.0" classname="Scripts.OperatorDashBoard_Script">
    <skipped/>
  </testcase> <!-- operatrRvkeCert -->
  <testcase name="operatrRvkeCertU" time="0.0" classname="Scripts.OperatorDashBoard_Script">
    <skipped/>
  </testcase> <!-- operatrRvkeCertU -->
  <testcase name="operatrExpireCert" time="0.0" classname="Scripts.OperatorDashBoard_Script">
    <skipped/>
  </testcase> <!-- operatrExpireCert -->
  <testcase name="operatrExpireCertU" time="0.0" classname="Scripts.OperatorDashBoard_Script">
    <skipped/>
  </testcase> <!-- operatrExpireCertU -->
  <testcase name="operatrCRl" time="0.0" classname="Scripts.OperatorDashBoard_Script">
    <skipped/>
  </testcase> <!-- operatrCRl -->
  <testcase name="@BeforeSuite createreport" time="0.0" classname="Generic_Library.Basefunctions">
    <ignored/>
  </testcase> <!-- @BeforeSuite createreport -->
  <testcase name="@BeforeTest launch" time="0.0" classname="Generic_Library.Basefunctions">
    <ignored/>
  </testcase> <!-- @BeforeTest launch -->
  <testcase name="@AfterTest closeapp" time="0.0" classname="Generic_Library.Basefunctions">
    <ignored/>
  </testcase> <!-- @AfterTest closeapp -->
</testsuite> <!-- OperatorDashboard -->
